11:56:56 **** Build of configuration Debug for project motor_driver ****
make all 
Building file: ../gpio.c
Invoking: AVR Compiler
avr-gcc -Wall -g2 -gstabs -O0 -fpack-struct -fshort-enums -ffunction-sections -fdata-sections -std=gnu99 -funsigned-char -funsigned-bitfields -mmcu=atmega32 -DF_CPU=1000000UL -MMD -MP -MF"gpio.d" -MT"gpio.o" -c -o "gpio.o" "../gpio.c"
Finished building: ../gpio.c
 
Building file: ../motor_module.c
Invoking: AVR Compiler
avr-gcc -Wall -g2 -gstabs -O0 -fpack-struct -fshort-enums -ffunction-sections -fdata-sections -std=gnu99 -funsigned-char -funsigned-bitfields -mmcu=atmega32 -DF_CPU=1000000UL -MMD -MP -MF"motor_module.d" -MT"motor_module.o" -c -o "motor_module.o" "../motor_module.c"
Finished building: ../motor_module.c
 
Building target: motor_driver.elf
Invoking: AVR C Linker
avr-gcc -Wl,-Map,motor_driver.map -mmcu=atmega32 -o "motor_driver.elf"  ./gpio.o ./motor_module.o   
c:/winavr-20100110/bin/../lib/gcc/avr/4.3.3/../../../../avr/lib/avr5/crtm32.o:(.init9+0x0): undefined reference to `main'
make: *** [motor_driver.elf] Error 1
"make all" terminated with exit code 2. Build might be incomplete.
12:00:02 **** Incremental Build of configuration Debug for project motor_driver ****
make all 
Building file: ../Motor_driver.c
Invoking: AVR Compiler
avr-gcc -Wall -g2 -gstabs -O0 -fpack-struct -fshort-enums -ffunction-sections -fdata-sections -std=gnu99 -funsigned-char -funsigned-bitfields -mmcu=atmega32 -DF_CPU=1000000UL -MMD -MP -MF"Motor_driver.d" -MT"Motor_driver.o" -c -o "Motor_driver.o" "../Motor_driver.c"
In file included from ../Motor_driver.c:9:
c:/winavr-20100110/lib/gcc/../../avr/include/util/delay.h:90:3: warning: #warning "Compiler optimizations disabled; functions from <util/delay.h> won't work as designed"
Finished building: ../Motor_driver.c
 
Building file: ../gpio.c
Invoking: AVR Compiler
avr-gcc -Wall -g2 -gstabs -O0 -fpack-struct -fshort-enums -ffunction-sections -fdata-sections -std=gnu99 -funsigned-char -funsigned-bitfields -mmcu=atmega32 -DF_CPU=1000000UL -MMD -MP -MF"gpio.d" -MT"gpio.o" -c -o "gpio.o" "../gpio.c"
Finished building: ../gpio.c
 
Building file: ../motor_module.c
Invoking: AVR Compiler
avr-gcc -Wall -g2 -gstabs -O0 -fpack-struct -fshort-enums -ffunction-sections -fdata-sections -std=gnu99 -funsigned-char -funsigned-bitfields -mmcu=atmega32 -DF_CPU=1000000UL -MMD -MP -MF"motor_module.d" -MT"motor_module.o" -c -o "motor_module.o" "../motor_module.c"
Finished building: ../motor_module.c
 
Building target: motor_driver.elf
Invoking: AVR C Linker
avr-gcc -Wl,-Map,motor_driver.map -mmcu=atmega32 -o "motor_driver.elf"  ./Motor_driver.o ./gpio.o ./motor_module.o   
Finished building target: motor_driver.elf
 
Invoking: AVR Create Extended Listing
avr-objdump -h -S motor_driver.elf  >"motor_driver.lss"
Finished building: motor_driver.lss
 
Invoking: Print Size
avr-size --format=avr --mcu=atmega32 motor_driver.elf
AVR Memory Usage
----------------
Device: atmega32

Program:    5036 bytes (15.4% Full)
(.text + .data + .bootloader)

Data:          8 bytes (0.4% Full)
(.data + .bss + .noinit)


Finished building: sizedummy
 
12:03:30 **** Incremental Build of configuration Debug for project motor_driver ****
make all 
Building file: ../Motor_driver.c
Invoking: AVR Compiler
avr-gcc -Wall -g2 -gstabs -O0 -fpack-struct -fshort-enums -ffunction-sections -fdata-sections -std=gnu99 -funsigned-char -funsigned-bitfields -mmcu=atmega32 -DF_CPU=1000000UL -MMD -MP -MF"Motor_driver.d" -MT"Motor_driver.o" -c -o "Motor_driver.o" "../Motor_driver.c"
In file included from ../Motor_driver.c:9:
c:/winavr-20100110/lib/gcc/../../avr/include/util/delay.h:90:3: warning: #warning "Compiler optimizations disabled; functions from <util/delay.h> won't work as designed"
Finished building: ../Motor_driver.c
 
Building file: ../motor_module.c
Invoking: AVR Compiler
avr-gcc -Wall -g2 -gstabs -O0 -fpack-struct -fshort-enums -ffunction-sections -fdata-sections -std=gnu99 -funsigned-char -funsigned-bitfields -mmcu=atmega32 -DF_CPU=1000000UL -MMD -MP -MF"motor_module.d" -MT"motor_module.o" -c -o "motor_module.o" "../motor_module.c"
Finished building: ../motor_module.c
 
Building target: motor_driver.elf
Invoking: AVR C Linker
avr-gcc -Wl,-Map,motor_driver.map -mmcu=atmega32 -o "motor_driver.elf"  ./Motor_driver.o ./gpio.o ./motor_module.o   
Finished building target: motor_driver.elf
 
Invoking: AVR Create Extended Listing
avr-objdump -h -S motor_driver.elf  >"motor_driver.lss"
Finished building: motor_driver.lss
 
Invoking: Print Size
avr-size --format=avr --mcu=atmega32 motor_driver.elf
AVR Memory Usage
----------------
Device: atmega32

Program:    5070 bytes (15.5% Full)
(.text + .data + .bootloader)

Data:          8 bytes (0.4% Full)
(.data + .bss + .noinit)


Finished building: sizedummy
 
12:03:56 **** Incremental Build of configuration Debug for project motor_driver ****
make all 
Building file: ../Motor_driver.c
Invoking: AVR Compiler
avr-gcc -Wall -g2 -gstabs -O0 -fpack-struct -fshort-enums -ffunction-sections -fdata-sections -std=gnu99 -funsigned-char -funsigned-bitfields -mmcu=atmega32 -DF_CPU=1000000UL -MMD -MP -MF"Motor_driver.d" -MT"Motor_driver.o" -c -o "Motor_driver.o" "../Motor_driver.c"
In file included from ../Motor_driver.c:9:
c:/winavr-20100110/lib/gcc/../../avr/include/util/delay.h:90:3: warning: #warning "Compiler optimizations disabled; functions from <util/delay.h> won't work as designed"
Finished building: ../Motor_driver.c
 
Building target: motor_driver.elf
Invoking: AVR C Linker
avr-gcc -Wl,-Map,motor_driver.map -mmcu=atmega32 -o "motor_driver.elf"  ./Motor_driver.o ./gpio.o ./motor_module.o   
Finished building target: motor_driver.elf
 
Invoking: AVR Create Extended Listing
avr-objdump -h -S motor_driver.elf  >"motor_driver.lss"
Finished building: motor_driver.lss
 
Invoking: Print Size
avr-size --format=avr --mcu=atmega32 motor_driver.elf
AVR Memory Usage
----------------
Device: atmega32

Program:    5074 bytes (15.5% Full)
(.text + .data + .bootloader)

Data:          8 bytes (0.4% Full)
(.data + .bss + .noinit)


Finished building: sizedummy
 
12:04:34 **** Incremental Build of configuration Debug for project motor_driver ****
make all 
Building file: ../Motor_driver.c
Invoking: AVR Compiler
avr-gcc -Wall -g2 -gstabs -O0 -fpack-struct -fshort-enums -ffunction-sections -fdata-sections -std=gnu99 -funsigned-char -funsigned-bitfields -mmcu=atmega32 -DF_CPU=1000000UL -MMD -MP -MF"Motor_driver.d" -MT"Motor_driver.o" -c -o "Motor_driver.o" "../Motor_driver.c"
In file included from ../Motor_driver.c:9:
c:/winavr-20100110/lib/gcc/../../avr/include/util/delay.h:90:3: warning: #warning "Compiler optimizations disabled; functions from <util/delay.h> won't work as designed"
Finished building: ../Motor_driver.c
 
Building target: motor_driver.elf
Invoking: AVR C Linker
avr-gcc -Wl,-Map,motor_driver.map -mmcu=atmega32 -o "motor_driver.elf"  ./Motor_driver.o ./gpio.o ./motor_module.o   
Finished building target: motor_driver.elf
 
Invoking: AVR Create Extended Listing
avr-objdump -h -S motor_driver.elf  >"motor_driver.lss"
Finished building: motor_driver.lss
 
Invoking: Print Size
avr-size --format=avr --mcu=atmega32 motor_driver.elf
AVR Memory Usage
----------------
Device: atmega32

Program:    5070 bytes (15.5% Full)
(.text + .data + .bootloader)

Data:          8 bytes (0.4% Full)
(.data + .bss + .noinit)


Finished building: sizedummy
 
12:05:10 **** Incremental Build of configuration Debug for project motor_driver ****
make all 
Building file: ../Motor_driver.c
Invoking: AVR Compiler
avr-gcc -Wall -g2 -gstabs -O0 -fpack-struct -fshort-enums -ffunction-sections -fdata-sections -std=gnu99 -funsigned-char -funsigned-bitfields -mmcu=atmega32 -DF_CPU=1000000UL -MMD -MP -MF"Motor_driver.d" -MT"Motor_driver.o" -c -o "Motor_driver.o" "../Motor_driver.c"
In file included from ../Motor_driver.c:9:
c:/winavr-20100110/lib/gcc/../../avr/include/util/delay.h:90:3: warning: #warning "Compiler optimizations disabled; functions from <util/delay.h> won't work as designed"
Finished building: ../Motor_driver.c
 
Building target: motor_driver.elf
Invoking: AVR C Linker
avr-gcc -Wl,-Map,motor_driver.map -mmcu=atmega32 -o "motor_driver.elf"  ./Motor_driver.o ./gpio.o ./motor_module.o   
Finished building target: motor_driver.elf
 
Invoking: AVR Create Extended Listing
avr-objdump -h -S motor_driver.elf  >"motor_driver.lss"
Finished building: motor_driver.lss
 
Invoking: Print Size
avr-size --format=avr --mcu=atmega32 motor_driver.elf
AVR Memory Usage
----------------
Device: atmega32

Program:    5070 bytes (15.5% Full)
(.text + .data + .bootloader)

Data:          8 bytes (0.4% Full)
(.data + .bss + .noinit)


Finished building: sizedummy
 
